# JRE version: Java(TM) SE Runtime Environment (8.0_231-b11) (build 1.8.0_231-b11)
# Java VM: Java HotSpot(TM) 64-Bit Server VM (25.231-b11 mixed mode windows-amd64 compressed oops)
Heap:
 PSYoungGen      total 151552K, used 129815K [0x0000000716d00000, 0x0000000721600000, 0x00000007c0000000)
  eden space 130048K, 99% used [0x0000000716d00000,0x000000071ebc5c10,0x000000071ec00000)
  from space 21504K, 0% used [0x000000071ec00000,0x000000071ec00000,0x0000000720100000)
  to   space 21504K, 6% used [0x0000000720100000,0x0000000720246b28,0x0000000721600000)
 ParOldGen       total 144384K, used 14252K [0x00000005c4600000, 0x00000005cd300000, 0x0000000716d00000)
  object space 144384K, 9% used [0x00000005c4600000,0x00000005c53eb268,0x00000005cd300000)
 Metaspace       used 21999K, capacity 22984K, committed 23296K, reserved 1069056K
  class space    used 2722K, capacity 2984K, committed 3072K, reserved 1048576K
GC Heap History (5 events):
Event: 12.875 GC heap before
{Heap before GC invocations=1 (full 0):
 PSYoungGen      total 151552K, used 130048K [0x0000000716d00000, 0x0000000721600000, 0x00000007c0000000)
  eden space 130048K, 100% used [0x0000000716d00000,0x000000071ec00000,0x000000071ec00000)
  from space 21504K, 0% used [0x0000000720100000,0x0000000720100000,0x0000000721600000)
  to   space 21504K, 0% used [0x000000071ec00000,0x000000071ec00000,0x0000000720100000)
 ParOldGen       total 347136K, used 0K [0x00000005c4600000, 0x00000005d9900000, 0x0000000716d00000)
  object space 347136K, 0% used [0x00000005c4600000,0x00000005c4600000,0x00000005d9900000)
 Metaspace       used 20387K, capacity 21170K, committed 21248K, reserved 1067008K
  class space    used 2551K, capacity 2747K, committed 2816K, reserved 1048576K
Event: 12.884 GC heap after
Heap after GC invocations=1 (full 0):
 PSYoungGen      total 151552K, used 14918K [0x0000000716d00000, 0x0000000721600000, 0x00000007c0000000)
  eden space 130048K, 0% used [0x0000000716d00000,0x0000000716d00000,0x000000071ec00000)
  from space 21504K, 69% used [0x000000071ec00000,0x000000071fa91850,0x0000000720100000)
  to   space 21504K, 0% used [0x0000000720100000,0x0000000720100000,0x0000000721600000)
 ParOldGen       total 347136K, used 88K [0x00000005c4600000, 0x00000005d9900000, 0x0000000716d00000)
  object space 347136K, 0% used [0x00000005c4600000,0x00000005c4616010,0x00000005d9900000)
 Metaspace       used 20387K, capacity 21170K, committed 21248K, reserved 1067008K
  class space    used 2551K, capacity 2747K, committed 2816K, reserved 1048576K
}
Event: 12.884 GC heap before
{Heap before GC invocations=2 (full 1):
 PSYoungGen      total 151552K, used 14918K [0x0000000716d00000, 0x0000000721600000, 0x00000007c0000000)
  eden space 130048K, 0% used [0x0000000716d00000,0x0000000716d00000,0x000000071ec00000)
  from space 21504K, 69% used [0x000000071ec00000,0x000000071fa91850,0x0000000720100000)
  to   space 21504K, 0% used [0x0000000720100000,0x0000000720100000,0x0000000721600000)
 ParOldGen       total 347136K, used 88K [0x00000005c4600000, 0x00000005d9900000, 0x0000000716d00000)
  object space 347136K, 0% used [0x00000005c4600000,0x00000005c4616010,0x00000005d9900000)
 Metaspace       used 20387K, capacity 21170K, committed 21248K, reserved 1067008K
  class space    used 2551K, capacity 2747K, committed 2816K, reserved 1048576K
Event: 12.913 GC heap after
Heap after GC invocations=2 (full 1):
 PSYoungGen      total 151552K, used 0K [0x0000000716d00000, 0x0000000721600000, 0x00000007c0000000)
  eden space 130048K, 0% used [0x0000000716d00000,0x0000000716d00000,0x000000071ec00000)
  from space 21504K, 0% used [0x000000071ec00000,0x000000071ec00000,0x0000000720100000)
  to   space 21504K, 0% used [0x0000000720100000,0x0000000720100000,0x0000000721600000)
 ParOldGen       total 144384K, used 14244K [0x00000005c4600000, 0x00000005cd300000, 0x0000000716d00000)
  object space 144384K, 9% used [0x00000005c4600000,0x00000005c53e9268,0x00000005cd300000)
 Metaspace       used 20387K, capacity 21170K, committed 21248K, reserved 1067008K
  class space    used 2551K, capacity 2747K, committed 2816K, reserved 1048576K
}
Event: 499.509 GC heap before
{Heap before GC invocations=3 (full 1):
 PSYoungGen      total 151552K, used 129814K [0x0000000716d00000, 0x0000000721600000, 0x00000007c0000000)
  eden space 130048K, 99% used [0x0000000716d00000,0x000000071ebc5b18,0x000000071ec00000)
  from space 21504K, 0% used [0x000000071ec00000,0x000000071ec00000,0x0000000720100000)
  to   space 21504K, 0% used [0x0000000720100000,0x0000000720100000,0x0000000721600000)
 ParOldGen       total 144384K, used 14244K [0x00000005c4600000, 0x00000005cd300000, 0x0000000716d00000)
  object space 144384K, 9% used [0x00000005c4600000,0x00000005c53e9268,0x00000005cd300000)
 Metaspace       used 21999K, capacity 22984K, committed 23296K, reserved 1069056K
  class space    used 2722K, capacity 2984K, committed 3072K, reserved 1048576K

